0 silly argv {
0 silly argv   _: [ 'publish' ],
0 silly argv   composed: 'publish',
0 silly argv   lernaVersion: '4.0.0',
0 silly argv   '$0': 'lerna'
0 silly argv }
1 notice cli v4.0.0
2 verbose rootPath /Users/wuwenxiang/wuwx/learn-cli/learn-dev
3 verbose session 8abfd445341eac79
4 verbose user-agent lerna/4.0.0/node@v12.12.0+x64 (darwin)
5 silly argv { _: [ 'publish' ], composed: 'publish', lernaVersion: '4.0.0' }
6 verbose rootPath /Users/wuwenxiang/wuwx/learn-cli/learn-dev
7 info current version 1.0.8
8 silly isAnythingCommitted
9 verbose isAnythingCommitted 1
10 silly getCurrentBranch
11 verbose currentBranch master
12 silly remoteBranchExists
13 silly isBehindUpstream
14 silly isBehindUpstream master is behind origin/master by 0 commit(s) and ahead by 0
15 silly hasTags
16 verbose hasTags true
17 silly git-describe.sync "v1.0.8-1-g92bbe02" => {"lastTagName":"v1.0.8","lastVersion":"v1.0.8","refCount":"1","sha":"92bbe02","isDirty":false}
18 info Looking for changed packages since v1.0.8
19 silly checking diff packages/core
20 silly found diff in packages/core/package.json
21 verbose filtered diff [ 'packages/core/package.json' ]
22 silly checking diff packages/utils
23 silly found diff in packages/utils/package.json
24 verbose filtered diff [ 'packages/utils/package.json' ]
25 verbose updated @huobi-dev/core
26 verbose updated @huobi-dev/utils
27 verbose git-describe undefined => "v1.0.8-1-g92bbe02"
28 silly git-describe parsed => {"lastTagName":"v1.0.8","lastVersion":"v1.0.8","refCount":"1","sha":"92bbe02","isDirty":false}
29 info execute Skipping releases
30 silly lifecycle No script for "preversion" in "learn-dev", continuing
31 silly lifecycle No script for "preversion" in "@huobi-dev/utils", continuing
32 silly lifecycle No script for "version" in "@huobi-dev/utils", continuing
33 silly lifecycle No script for "preversion" in "@huobi-dev/core", continuing
34 silly lifecycle No script for "version" in "@huobi-dev/core", continuing
35 silly lifecycle No script for "version" in "learn-dev", continuing
36 silly gitAdd [
36 silly gitAdd   'packages/utils/package.json',
36 silly gitAdd   'packages/utils/package-lock.json',
36 silly gitAdd   'packages/core/package.json',
36 silly gitAdd   'packages/core/package-lock.json',
36 silly gitAdd   'lerna.json'
36 silly gitAdd ]
37 silly gitCommit v1.0.9
38 verbose git [ 'commit', '-m', 'v1.0.9' ]
39 silly gitTag v1.0.9
40 verbose git [ 'tag', 'v1.0.9', '-m', 'v1.0.9' ]
41 silly lifecycle No script for "postversion" in "@huobi-dev/core", continuing
42 silly lifecycle No script for "postversion" in "@huobi-dev/utils", continuing
43 silly lifecycle No script for "postversion" in "learn-dev", continuing
44 info git Pushing tags...
45 silly gitPush origin master
46 info publish Publishing packages to npm...
47 info Verifying npm credentials
48 verbose Retrieving npm user profile
49 http fetch GET 200 https://registry.npmjs.org/-/npm/v1/user 851ms
50 silly npm profile get received {"tfa":false,"name":"wuwenxiang","email":"15718811718@163.com","email_verified":true,"created":"2022-04-15T13:29:49.238Z","updated":"2022-04-15T13:29:49.235Z","cidr_whitelist":null}
51 silly get npm username received {"username":"wuwenxiang","tfa":false,"name":"wuwenxiang","email":"15718811718@163.com","email_verified":true,"created":"2022-04-15T13:29:49.238Z","updated":"2022-04-15T13:29:49.235Z","cidr_whitelist":null}
52 silly verifyNpmPackageAccess
53 http fetch GET 200 https://registry.npmjs.org/-/org/wuwenxiang/package?format=cli 770ms (cache updated)
54 info Checking two-factor auth mode
55 verbose Retrieving npm user profile
56 http fetch GET 200 https://registry.npmjs.org/-/npm/v1/user 302ms
57 silly npm profile get received {"tfa":false,"name":"wuwenxiang","email":"15718811718@163.com","email_verified":true,"created":"2022-04-15T13:29:49.238Z","updated":"2022-04-15T13:29:49.235Z","cidr_whitelist":null}
58 silly 2FA false
59 silly getCurrentSHA
60 verbose getCurrentSHA a9ee3378a2306c3b48c5478c08207482798a69f4
61 silly lifecycle No script for "prepublish" in "learn-dev", continuing
62 silly lifecycle No script for "prepare" in "learn-dev", continuing
63 silly lifecycle No script for "prepublishOnly" in "learn-dev", continuing
64 silly lifecycle No script for "prepack" in "learn-dev", continuing
65 verbose pack-directory packages/utils
66 silly lifecycle No script for "prepublish" in "@huobi-dev/utils", continuing
67 silly lifecycle No script for "prepare" in "@huobi-dev/utils", continuing
68 silly lifecycle No script for "prepublishOnly" in "@huobi-dev/utils", continuing
69 silly lifecycle No script for "prepack" in "@huobi-dev/utils", continuing
70 silly lifecycle No script for "postpack" in "@huobi-dev/utils", continuing
71 verbose packed packages/utils
72 verbose pack-directory packages/core
73 silly lifecycle No script for "prepublish" in "@huobi-dev/core", continuing
74 silly lifecycle No script for "prepare" in "@huobi-dev/core", continuing
75 silly lifecycle No script for "prepublishOnly" in "@huobi-dev/core", continuing
76 silly lifecycle No script for "prepack" in "@huobi-dev/core", continuing
77 silly lifecycle No script for "postpack" in "@huobi-dev/core", continuing
78 verbose packed packages/core
79 silly lifecycle No script for "postpack" in "learn-dev", continuing
80 verbose publish @huobi-dev/utils
81 silly FetchError: request to https://registry.npm.org/@huobi-dev%2futils failed, reason: Hostname/IP does not match certificate's altnames: Host: registry.npm.org. is not in the cert's altnames: DNS:*.cloudwaysapps.com, DNS:cloudwaysapps.com
81 silly     at ClientRequest.<anonymous> (/Users/wuwenxiang/wuwx/learn-cli/learn-dev/node_modules/minipass-fetch/lib/index.js:110:14)
81 silly     at ClientRequest.emit (events.js:210:5)
81 silly     at TLSSocket.socketErrorListener (_http_client.js:406:9)
81 silly     at TLSSocket.emit (events.js:215:7)
81 silly     at emitErrorNT (internal/streams/destroy.js:92:8)
81 silly     at emitErrorAndCloseNT (internal/streams/destroy.js:60:3)
81 silly     at processTicksAndRejections (internal/process/task_queues.js:80:21)
81 silly  FetchError: request to https://registry.npm.org/@huobi-dev%2futils failed, reason: Hostname/IP does not match certificate's altnames: Host: registry.npm.org. is not in the cert's altnames: DNS:*.cloudwaysapps.com, DNS:cloudwaysapps.com
81 silly     at ClientRequest.<anonymous> (/Users/wuwenxiang/wuwx/learn-cli/learn-dev/node_modules/minipass-fetch/lib/index.js:110:14)
81 silly     at ClientRequest.emit (events.js:210:5)
81 silly     at TLSSocket.socketErrorListener (_http_client.js:406:9)
81 silly     at TLSSocket.emit (events.js:215:7)
81 silly     at emitErrorNT (internal/streams/destroy.js:92:8)
81 silly     at emitErrorAndCloseNT (internal/streams/destroy.js:60:3)
81 silly     at processTicksAndRejections (internal/process/task_queues.js:80:21) {
81 silly   stack: "FetchError: request to https://registry.npm.org/@huobi-dev%2futils failed, reason: Hostname/IP does not match certificate's altnames: Host: registry.npm.org. is not in the cert's altnames: DNS:*.cloudwaysapps.com, DNS:cloudwaysapps.com\n" +
81 silly     '    at ClientRequest.<anonymous> (/Users/wuwenxiang/wuwx/learn-cli/learn-dev/node_modules/minipass-fetch/lib/index.js:110:14)\n' +
81 silly     '    at ClientRequest.emit (events.js:210:5)\n' +
81 silly     '    at TLSSocket.socketErrorListener (_http_client.js:406:9)\n' +
81 silly     '    at TLSSocket.emit (events.js:215:7)\n' +
81 silly     '    at emitErrorNT (internal/streams/destroy.js:92:8)\n' +
81 silly     '    at emitErrorAndCloseNT (internal/streams/destroy.js:60:3)\n' +
81 silly     '    at processTicksAndRejections (internal/process/task_queues.js:80:21)',
81 silly   code: 'ERR_TLS_CERT_ALTNAME_INVALID',
81 silly   reason: "Host: registry.npm.org. is not in the cert's altnames: DNS:*.cloudwaysapps.com, DNS:cloudwaysapps.com",
81 silly   host: 'registry.npm.org',
81 silly   cert: {
81 silly     subject: [Object: null prototype] { CN: '*.cloudwaysapps.com' },
81 silly     issuer: [Object: null prototype] {
81 silly       C: 'GB',
81 silly       ST: 'Greater Manchester',
81 silly       L: 'Salford',
81 silly       O: 'Sectigo Limited',
81 silly       CN: 'Sectigo RSA Domain Validation Secure Server CA'
81 silly     },
81 silly     subjectaltname: 'DNS:*.cloudwaysapps.com, DNS:cloudwaysapps.com',
81 silly     infoAccess: [Object: null prototype] {
81 silly       'CA Issuers - URI': [Array],
81 silly       'OCSP - URI': [Array]
81 silly     },
81 silly     modulus: 'D227258C7F332770594394A9E43164416D556DFD9A56F74843591AF665FBEA895086280BF4BC6EC7C5DE25C223539803E50DF849DF39A77B4D50A70E6F8C06971045747CBA8A6F38B971F115E71289B1FE5D7ED41EE8D08D8EF2ED90BF8FE71F713DC68BDF2A4319FB18B206F9B8259F3B2A1E445EE5AAACF129F8687366304041B367F9E409608079B7AD1467855EC993D16B3D27F62AD17F35CCF0A0640D5E26A40B355113806DB92407E160CEB747B04FC2802B694B3D53A7E4822B8FDA74EBE7926A5D5D4389FFB4F10DE26A6DA9B9A7302EA6981B12E464BB6538EAB1070E3A917D852B7DFDB710AA9A365576030539BC9A89ABFFF47CF067BB9E6CA541',
81 silly     bits: 2048,
81 silly     exponent: '0x10001',
81 silly     pubkey: <Buffer 30 82 01 22 30 0d 06 09 2a 86 48 86 f7 0d 01 01 01 05 00 03 82 01 0f 00 30 82 01 0a 02 82 01 01 00 d2 27 25 8c 7f 33 27 70 59 43 94 a9 e4 31 64 41 6d ... 244 more bytes>,
81 silly     valid_from: 'Aug 16 00:00:00 2021 GMT',
81 silly     valid_to: 'Sep 16 23:59:59 2022 GMT',
81 silly     fingerprint: 'E3:2B:71:34:10:14:F6:CD:7B:8D:AA:4E:E1:7F:C3:57:6E:9B:C0:D4',
81 silly     fingerprint256: 'F5:2D:4C:4B:4E:15:E5:7E:34:5A:EF:ED:48:8F:02:F1:B5:56:94:D2:B3:60:6E:49:14:57:23:E2:22:D4:CB:80',
81 silly     ext_key_usage: [ '1.3.6.1.5.5.7.3.1', '1.3.6.1.5.5.7.3.2' ],
81 silly     serialNumber: 'EA165789173393FA19D824AA4471FB10',
81 silly     raw: <Buffer 30 82 06 41 30 82 05 29 a0 03 02 01 02 02 11 00 ea 16 57 89 17 33 93 fa 19 d8 24 aa 44 71 fb 10 30 0d 06 09 2a 86 48 86 f7 0d 01 01 0b 05 00 30 81 8f ... 1555 more bytes>,
81 silly     issuerCertificate: {
81 silly       subject: [Object: null prototype],
81 silly       issuer: [Object: null prototype],
81 silly       infoAccess: [Object: null prototype],
81 silly       modulus: 'D67333D6D73C20D000D21745B8D63E07A23FC741EE3230C9B06CFDF49FCB12980F2D3F8D4D010C820F177F622EE9B84879FB16834EADD7322593B707BFB9503FA94CC3402AE939FFD981CA1F163241DA8026B9237A87201EE3FF209A3C95446F8775069040B4329316091008233ED2DD870F6F5D51146A0A69C54F017269CFD3934C6D04A0A31B827EB19AB9EDC59EC537789F9A0834FB562E58C4090E06645BBC37DCF19F2868A856B092A35C9FBB8898081B241DAB3085AEAFB02E9E7A9DC1C0421CE202F0EAE04AD2EF900EB4C14016F06F85424A64F7A430A0FEBF2EA3275A8E8B58B8ADC319178463ED6F56FD83CB6034C474BEE69DDBE1E4E5CA0C5F15',
81 silly       bits: 2048,
81 silly       exponent: '0x10001',
81 silly       pubkey: <Buffer 30 82 01 22 30 0d 06 09 2a 86 48 86 f7 0d 01 01 01 05 00 03 82 01 0f 00 30 82 01 0a 02 82 01 01 00 d6 73 33 d6 d7 3c 20 d0 00 d2 17 45 b8 d6 3e 07 a2 ... 244 more bytes>,
81 silly       valid_from: 'Nov  2 00:00:00 2018 GMT',
81 silly       valid_to: 'Dec 31 23:59:59 2030 GMT',
81 silly       fingerprint: '33:E4:E8:08:07:20:4C:2B:61:82:A3:A1:4B:59:1A:CD:25:B5:F0:DB',
81 silly       fingerprint256: '7F:A4:FF:68:EC:04:A9:9D:75:28:D5:08:5F:94:90:7F:4D:1D:D1:C5:38:1B:AC:DC:83:2E:D5:C9:60:21:46:76',
81 silly       ext_key_usage: [Array],
81 silly       serialNumber: '7D5B5126B476BA11DB74160BBC530DA7',
81 silly       raw: <Buffer 30 82 06 13 30 82 03 fb a0 03 02 01 02 02 10 7d 5b 51 26 b4 76 ba 11 db 74 16 0b bc 53 0d a7 30 0d 06 09 2a 86 48 86 f7 0d 01 01 0c 05 00 30 81 88 31 ... 1509 more bytes>,
81 silly       issuerCertificate: [Object]
81 silly     }
81 silly   },
81 silly   errno: 'ERR_TLS_CERT_ALTNAME_INVALID',
81 silly   type: 'system'
81 silly }
82 error ERR_TLS_CERT_ALTNAME_INVALID request to https://registry.npm.org/@huobi-dev%2futils failed, reason: Hostname/IP does not match certificate's altnames: Host: registry.npm.org. is not in the cert's altnames: DNS:*.cloudwaysapps.com, DNS:cloudwaysapps.com
83 error FetchError: request to https://registry.npm.org/@huobi-dev%2futils failed, reason: Hostname/IP does not match certificate's altnames: Host: registry.npm.org. is not in the cert's altnames: DNS:*.cloudwaysapps.com, DNS:cloudwaysapps.com
83 error     at ClientRequest.<anonymous> (/Users/wuwenxiang/wuwx/learn-cli/learn-dev/node_modules/minipass-fetch/lib/index.js:110:14)
83 error     at ClientRequest.emit (events.js:210:5)
83 error     at TLSSocket.socketErrorListener (_http_client.js:406:9)
83 error     at TLSSocket.emit (events.js:215:7)
83 error     at emitErrorNT (internal/streams/destroy.js:92:8)
83 error     at emitErrorAndCloseNT (internal/streams/destroy.js:60:3)
